# JRE version: OpenJDK Runtime Environment Temurin-21.0.8+9 (21.0.8+9) (build 21.0.8+9-LTS)
# Java VM: OpenJDK 64-Bit Server VM Temurin-21.0.8+9 (21.0.8+9-LTS, mixed mode, sharing, tiered, compressed oops, compressed class ptrs, parallel gc, windows-amd64)
GC Precious Log:
 CardTable entry size: 512
 CPUs: 8 total, 8 available
 Memory: 16198M
 Large Page Support: Disabled
 NUMA Support: Disabled
 Compressed Oops: Enabled (32-bit)
 Alignments: Space 512K, Generation 512K, Heap 2M
 Heap Min Capacity: 100M
 Heap Initial Capacity: 100M
 Heap Max Capacity: 2G
 Pre-touch: Disabled
 Parallel Workers: 8
Heap:
 PSYoungGen      total 3584K, used 2396K [0x00000000d5580000, 0x00000000d5b00000, 0x0000000100000000)
  eden space 3072K, 69% used [0x00000000d5580000,0x00000000d5797320,0x00000000d5880000)
  from space 512K, 50% used [0x00000000d5a80000,0x00000000d5ac0000,0x00000000d5b00000)
  to   space 512K, 0% used [0x00000000d5a00000,0x00000000d5a00000,0x00000000d5a80000)
 ParOldGen       total 693248K, used 481813K [0x0000000080000000, 0x00000000aa500000, 0x00000000d5580000)
  object space 693248K, 69% used [0x0000000080000000,0x000000009d685678,0x00000000aa500000)
 Metaspace       used 73610K, committed 75072K, reserved 1179648K
  class space    used 8328K, committed 8896K, reserved 1048576K
GC Heap History (20 events):
Event: 77.387 GC heap before
{Heap before GC invocations=2464 (full 3):
 PSYoungGen      total 4096K, used 3936K [0x00000000d5580000, 0x00000000d5c00000, 0x0000000100000000)
  eden space 3072K, 100% used [0x00000000d5580000,0x00000000d5880000,0x00000000d5880000)
  from space 1024K, 84% used [0x00000000d5b00000,0x00000000d5bd8000,0x00000000d5c00000)
  to   space 1024K, 0% used [0x00000000d5900000,0x00000000d5900000,0x00000000d5a00000)
 ParOldGen       total 693248K, used 474491K [0x0000000080000000, 0x00000000aa500000, 0x00000000d5580000)
  object space 693248K, 68% used [0x0000000080000000,0x000000009cf5ee08,0x00000000aa500000)
 Metaspace       used 72907K, committed 74304K, reserved 1114112K
  class space    used 8270K, committed 8832K, reserved 1048576K
}
Event: 77.390 GC heap after
{Heap after GC invocations=2464 (full 3):
 PSYoungGen      total 4096K, used 1005K [0x00000000d5580000, 0x00000000d6180000, 0x0000000100000000)
  eden space 3072K, 0% used [0x00000000d5580000,0x00000000d5580000,0x00000000d5880000)
  from space 1024K, 98% used [0x00000000d5900000,0x00000000d59fb6a0,0x00000000d5a00000)
  to   space 4608K, 0% used [0x00000000d5d00000,0x00000000d5d00000,0x00000000d6180000)
 ParOldGen       total 693248K, used 477213K [0x0000000080000000, 0x00000000aa500000, 0x00000000d5580000)
  object space 693248K, 68% used [0x0000000080000000,0x000000009d207488,0x00000000aa500000)
 Metaspace       used 72907K, committed 74304K, reserved 1114112K
  class space    used 8270K, committed 8832K, reserved 1048576K
}
Event: 77.441 GC heap before
{Heap before GC invocations=2465 (full 3):
 PSYoungGen      total 4096K, used 3992K [0x00000000d5580000, 0x00000000d6180000, 0x0000000100000000)
  eden space 3072K, 97% used [0x00000000d5580000,0x00000000d586aa00,0x00000000d5880000)
  from space 1024K, 98% used [0x00000000d5900000,0x00000000d59fb6a0,0x00000000d5a00000)
  to   space 4608K, 0% used [0x00000000d5d00000,0x00000000d5d00000,0x00000000d6180000)
 ParOldGen       total 693248K, used 477213K [0x0000000080000000, 0x00000000aa500000, 0x00000000d5580000)
  object space 693248K, 68% used [0x0000000080000000,0x000000009d207488,0x00000000aa500000)
 Metaspace       used 72909K, committed 74304K, reserved 1114112K
  class space    used 8270K, committed 8832K, reserved 1048576K
}
Event: 77.443 GC heap after
{Heap after GC invocations=2465 (full 3):
 PSYoungGen      total 3584K, used 428K [0x00000000d5580000, 0x00000000d5d80000, 0x0000000100000000)
  eden space 3072K, 0% used [0x00000000d5580000,0x00000000d5580000,0x00000000d5880000)
  from space 512K, 83% used [0x00000000d5d00000,0x00000000d5d6b1f0,0x00000000d5d80000)
  to   space 2048K, 0% used [0x00000000d5980000,0x00000000d5980000,0x00000000d5b80000)
 ParOldGen       total 693248K, used 477237K [0x0000000080000000, 0x00000000aa500000, 0x00000000d5580000)
  object space 693248K, 68% used [0x0000000080000000,0x000000009d20d488,0x00000000aa500000)
 Metaspace       used 72909K, committed 74304K, reserved 1114112K
  class space    used 8270K, committed 8832K, reserved 1048576K
}
Event: 77.456 GC heap before
{Heap before GC invocations=2466 (full 3):
 PSYoungGen      total 3584K, used 3500K [0x00000000d5580000, 0x00000000d5d80000, 0x0000000100000000)
  eden space 3072K, 100% used [0x00000000d5580000,0x00000000d5880000,0x00000000d5880000)
  from space 512K, 83% used [0x00000000d5d00000,0x00000000d5d6b1f0,0x00000000d5d80000)
  to   space 2048K, 0% used [0x00000000d5980000,0x00000000d5980000,0x00000000d5b80000)
 ParOldGen       total 693248K, used 477237K [0x0000000080000000, 0x00000000aa500000, 0x00000000d5580000)
  object space 693248K, 68% used [0x0000000080000000,0x000000009d20d488,0x00000000aa500000)
 Metaspace       used 72909K, committed 74304K, reserved 1114112K
  class space    used 8270K, committed 8832K, reserved 1048576K
}
Event: 77.458 GC heap after
{Heap after GC invocations=2466 (full 3):
 PSYoungGen      total 5120K, used 2040K [0x00000000d5580000, 0x00000000d6080000, 0x0000000100000000)
  eden space 3072K, 0% used [0x00000000d5580000,0x00000000d5580000,0x00000000d5880000)
  from space 2048K, 99% used [0x00000000d5980000,0x00000000d5b7e3e0,0x00000000d5b80000)
  to   space 4096K, 0% used [0x00000000d5c80000,0x00000000d5c80000,0x00000000d6080000)
 ParOldGen       total 693248K, used 478385K [0x0000000080000000, 0x00000000aa500000, 0x00000000d5580000)
  object space 693248K, 69% used [0x0000000080000000,0x000000009d32c678,0x00000000aa500000)
 Metaspace       used 72909K, committed 74304K, reserved 1114112K
  class space    used 8270K, committed 8832K, reserved 1048576K
}
Event: 77.567 GC heap before
{Heap before GC invocations=2467 (full 3):
 PSYoungGen      total 5120K, used 5112K [0x00000000d5580000, 0x00000000d6080000, 0x0000000100000000)
  eden space 3072K, 100% used [0x00000000d5580000,0x00000000d5880000,0x00000000d5880000)
  from space 2048K, 99% used [0x00000000d5980000,0x00000000d5b7e3e0,0x00000000d5b80000)
  to   space 4096K, 0% used [0x00000000d5c80000,0x00000000d5c80000,0x00000000d6080000)
 ParOldGen       total 693248K, used 478385K [0x0000000080000000, 0x00000000aa500000, 0x00000000d5580000)
  object space 693248K, 69% used [0x0000000080000000,0x000000009d32c678,0x00000000aa500000)
 Metaspace       used 73106K, committed 74560K, reserved 1179648K
  class space    used 8291K, committed 8896K, reserved 1048576K
}
Event: 77.571 GC heap after
{Heap after GC invocations=2467 (full 3):
 PSYoungGen      total 4096K, used 960K [0x00000000d5580000, 0x00000000d5d80000, 0x0000000100000000)
  eden space 3072K, 0% used [0x00000000d5580000,0x00000000d5580000,0x00000000d5880000)
  from space 1024K, 93% used [0x00000000d5c80000,0x00000000d5d70020,0x00000000d5d80000)
  to   space 2048K, 0% used [0x00000000d5980000,0x00000000d5980000,0x00000000d5b80000)
 ParOldGen       total 693248K, used 480318K [0x0000000080000000, 0x00000000aa500000, 0x00000000d5580000)
  object space 693248K, 69% used [0x0000000080000000,0x000000009d50f868,0x00000000aa500000)
 Metaspace       used 73106K, committed 74560K, reserved 1179648K
  class space    used 8291K, committed 8896K, reserved 1048576K
}
Event: 77.628 GC heap before
{Heap before GC invocations=2468 (full 3):
 PSYoungGen      total 4096K, used 4032K [0x00000000d5580000, 0x00000000d5d80000, 0x0000000100000000)
  eden space 3072K, 100% used [0x00000000d5580000,0x00000000d5880000,0x00000000d5880000)
  from space 1024K, 93% used [0x00000000d5c80000,0x00000000d5d70020,0x00000000d5d80000)
  to   space 2048K, 0% used [0x00000000d5980000,0x00000000d5980000,0x00000000d5b80000)
 ParOldGen       total 693248K, used 480318K [0x0000000080000000, 0x00000000aa500000, 0x00000000d5580000)
  object space 693248K, 69% used [0x0000000080000000,0x000000009d50f868,0x00000000aa500000)
 Metaspace       used 73191K, committed 74624K, reserved 1179648K
  class space    used 8295K, committed 8896K, reserved 1048576K
}
Event: 77.630 GC heap after
{Heap after GC invocations=2468 (full 3):
 PSYoungGen      total 5120K, used 864K [0x00000000d5580000, 0x00000000d5d00000, 0x0000000100000000)
  eden space 3072K, 0% used [0x00000000d5580000,0x00000000d5580000,0x00000000d5880000)
  from space 2048K, 42% used [0x00000000d5980000,0x00000000d5a58000,0x00000000d5b80000)
  to   space 1536K, 0% used [0x00000000d5b80000,0x00000000d5b80000,0x00000000d5d00000)
 ParOldGen       total 693248K, used 480501K [0x0000000080000000, 0x00000000aa500000, 0x00000000d5580000)
  object space 693248K, 69% used [0x0000000080000000,0x000000009d53d680,0x00000000aa500000)
 Metaspace       used 73191K, committed 74624K, reserved 1179648K
  class space    used 8295K, committed 8896K, reserved 1048576K
}
Event: 77.706 GC heap before
{Heap before GC invocations=2469 (full 3):
 PSYoungGen      total 5120K, used 3936K [0x00000000d5580000, 0x00000000d5d00000, 0x0000000100000000)
  eden space 3072K, 100% used [0x00000000d5580000,0x00000000d5880000,0x00000000d5880000)
  from space 2048K, 42% used [0x00000000d5980000,0x00000000d5a58000,0x00000000d5b80000)
  to   space 1536K, 0% used [0x00000000d5b80000,0x00000000d5b80000,0x00000000d5d00000)
 ParOldGen       total 693248K, used 480501K [0x0000000080000000, 0x00000000aa500000, 0x00000000d5580000)
  object space 693248K, 69% used [0x0000000080000000,0x000000009d53d680,0x00000000aa500000)
 Metaspace       used 73231K, committed 74688K, reserved 1179648K
  class space    used 8296K, committed 8896K, reserved 1048576K
}
Event: 77.708 GC heap after
{Heap after GC invocations=2469 (full 3):
 PSYoungGen      total 4096K, used 1015K [0x00000000d5580000, 0x00000000d5c80000, 0x0000000100000000)
  eden space 3072K, 0% used [0x00000000d5580000,0x00000000d5580000,0x00000000d5880000)
  from space 1024K, 99% used [0x00000000d5b80000,0x00000000d5c7de18,0x00000000d5c80000)
  to   space 1536K, 0% used [0x00000000d5980000,0x00000000d5980000,0x00000000d5b00000)
 ParOldGen       total 693248K, used 480629K [0x0000000080000000, 0x00000000aa500000, 0x00000000d5580000)
  object space 693248K, 69% used [0x0000000080000000,0x000000009d55d680,0x00000000aa500000)
 Metaspace       used 73231K, committed 74688K, reserved 1179648K
  class space    used 8296K, committed 8896K, reserved 1048576K
}
Event: 77.761 GC heap before
{Heap before GC invocations=2470 (full 3):
 PSYoungGen      total 4096K, used 4087K [0x00000000d5580000, 0x00000000d5c80000, 0x0000000100000000)
  eden space 3072K, 100% used [0x00000000d5580000,0x00000000d5880000,0x00000000d5880000)
  from space 1024K, 99% used [0x00000000d5b80000,0x00000000d5c7de18,0x00000000d5c80000)
  to   space 1536K, 0% used [0x00000000d5980000,0x00000000d5980000,0x00000000d5b00000)
 ParOldGen       total 693248K, used 480629K [0x0000000080000000, 0x00000000aa500000, 0x00000000d5580000)
  object space 693248K, 69% used [0x0000000080000000,0x000000009d55d680,0x00000000aa500000)
 Metaspace       used 73275K, committed 74688K, reserved 1179648K
  class space    used 8300K, committed 8896K, reserved 1048576K
}
Event: 77.763 GC heap after
{Heap after GC invocations=2470 (full 3):
 PSYoungGen      total 4608K, used 384K [0x00000000d5580000, 0x00000000d5c00000, 0x0000000100000000)
  eden space 3072K, 0% used [0x00000000d5580000,0x00000000d5580000,0x00000000d5880000)
  from space 1536K, 25% used [0x00000000d5980000,0x00000000d59e0000,0x00000000d5b00000)
  to   space 1024K, 0% used [0x00000000d5b00000,0x00000000d5b00000,0x00000000d5c00000)
 ParOldGen       total 693248K, used 480709K [0x0000000080000000, 0x00000000aa500000, 0x00000000d5580000)
  object space 693248K, 69% used [0x0000000080000000,0x000000009d571680,0x00000000aa500000)
 Metaspace       used 73275K, committed 74688K, reserved 1179648K
  class space    used 8300K, committed 8896K, reserved 1048576K
}
Event: 327.105 GC heap before
{Heap before GC invocations=2471 (full 3):
 PSYoungGen      total 4608K, used 3451K [0x00000000d5580000, 0x00000000d5c00000, 0x0000000100000000)
  eden space 3072K, 99% used [0x00000000d5580000,0x00000000d587ed00,0x00000000d5880000)
  from space 1536K, 25% used [0x00000000d5980000,0x00000000d59e0000,0x00000000d5b00000)
  to   space 1024K, 0% used [0x00000000d5b00000,0x00000000d5b00000,0x00000000d5c00000)
 ParOldGen       total 693248K, used 480709K [0x0000000080000000, 0x00000000aa500000, 0x00000000d5580000)
  object space 693248K, 69% used [0x0000000080000000,0x000000009d571680,0x00000000aa500000)
 Metaspace       used 73374K, committed 74816K, reserved 1179648K
  class space    used 8312K, committed 8896K, reserved 1048576K
}
Event: 327.108 GC heap after
{Heap after GC invocations=2471 (full 3):
 PSYoungGen      total 4096K, used 1016K [0x00000000d5580000, 0x00000000d5c00000, 0x0000000100000000)
  eden space 3072K, 0% used [0x00000000d5580000,0x00000000d5580000,0x00000000d5880000)
  from space 1024K, 99% used [0x00000000d5b00000,0x00000000d5bfe358,0x00000000d5c00000)
  to   space 1536K, 0% used [0x00000000d5900000,0x00000000d5900000,0x00000000d5a80000)
 ParOldGen       total 693248K, used 480886K [0x0000000080000000, 0x00000000aa500000, 0x00000000d5580000)
  object space 693248K, 69% used [0x0000000080000000,0x000000009d59d850,0x00000000aa500000)
 Metaspace       used 73374K, committed 74816K, reserved 1179648K
  class space    used 8312K, committed 8896K, reserved 1048576K
}
Event: 327.160 GC heap before
{Heap before GC invocations=2472 (full 3):
 PSYoungGen      total 4096K, used 4088K [0x00000000d5580000, 0x00000000d5c00000, 0x0000000100000000)
  eden space 3072K, 99% used [0x00000000d5580000,0x00000000d587fff8,0x00000000d5880000)
  from space 1024K, 99% used [0x00000000d5b00000,0x00000000d5bfe358,0x00000000d5c00000)
  to   space 1536K, 0% used [0x00000000d5900000,0x00000000d5900000,0x00000000d5a80000)
 ParOldGen       total 693248K, used 480886K [0x0000000080000000, 0x00000000aa500000, 0x00000000d5580000)
  object space 693248K, 69% used [0x0000000080000000,0x000000009d59d850,0x00000000aa500000)
 Metaspace       used 73539K, committed 74944K, reserved 1179648K
  class space    used 8324K, committed 8896K, reserved 1048576K
}
Event: 327.162 GC heap after
{Heap after GC invocations=2472 (full 3):
 PSYoungGen      total 4608K, used 288K [0x00000000d5580000, 0x00000000d5b80000, 0x0000000100000000)
  eden space 3072K, 0% used [0x00000000d5580000,0x00000000d5580000,0x00000000d5880000)
  from space 1536K, 18% used [0x00000000d5900000,0x00000000d5948000,0x00000000d5a80000)
  to   space 1024K, 0% used [0x00000000d5a80000,0x00000000d5a80000,0x00000000d5b80000)
 ParOldGen       total 693248K, used 481757K [0x0000000080000000, 0x00000000aa500000, 0x00000000d5580000)
  object space 693248K, 69% used [0x0000000080000000,0x000000009d677678,0x00000000aa500000)
 Metaspace       used 73539K, committed 74944K, reserved 1179648K
  class space    used 8324K, committed 8896K, reserved 1048576K
}
Event: 327.352 GC heap before
{Heap before GC invocations=2473 (full 3):
 PSYoungGen      total 4608K, used 3360K [0x00000000d5580000, 0x00000000d5b80000, 0x0000000100000000)
  eden space 3072K, 100% used [0x00000000d5580000,0x00000000d5880000,0x00000000d5880000)
  from space 1536K, 18% used [0x00000000d5900000,0x00000000d5948000,0x00000000d5a80000)
  to   space 1024K, 0% used [0x00000000d5a80000,0x00000000d5a80000,0x00000000d5b80000)
 ParOldGen       total 693248K, used 481757K [0x0000000080000000, 0x00000000aa500000, 0x00000000d5580000)
  object space 693248K, 69% used [0x0000000080000000,0x000000009d677678,0x00000000aa500000)
 Metaspace       used 73578K, committed 75008K, reserved 1179648K
  class space    used 8328K, committed 8896K, reserved 1048576K
}
Event: 327.353 GC heap after
{Heap after GC invocations=2473 (full 3):
 PSYoungGen      total 3584K, used 256K [0x00000000d5580000, 0x00000000d5b00000, 0x0000000100000000)
  eden space 3072K, 0% used [0x00000000d5580000,0x00000000d5580000,0x00000000d5880000)
  from space 512K, 50% used [0x00000000d5a80000,0x00000000d5ac0000,0x00000000d5b00000)
  to   space 512K, 0% used [0x00000000d5a00000,0x00000000d5a00000,0x00000000d5a80000)
 ParOldGen       total 693248K, used 481813K [0x0000000080000000, 0x00000000aa500000, 0x00000000d5580000)
  object space 693248K, 69% used [0x0000000080000000,0x000000009d685678,0x00000000aa500000)
 Metaspace       used 73578K, committed 75008K, reserved 1179648K
  class space    used 8328K, committed 8896K, reserved 1048576K
}

